<?xml version="1.0" encoding="UTF-8"?>
<!-- Generated by org.testng.reporters.JUnitReportReporter -->
<testsuite hostname="EC2AMAZ-D04857E" name="sample.SampleSelenium" tests="1" failures="0" timestamp="16 Jul 2021 11:59:53 GMT" time="7.039" errors="0">
  <testcase name="method1" time="7.039" classname="sample.SampleSelenium"/>
</testsuite> <!-- sample.SampleSelenium -->
